This is LuaHBTeX, Version 1.14.0 (TeX Live 2022/dev/Debian)  (format=lualatex 2024.6.1)  24 JUL 2024 12:56
 restricted system commands enabled.
**body.tex
(./body.tex
LaTeX2e <2021-11-15> patch level 1
[\directlua]:1: module 'luaotfload-main' not found:
	no field package.preload['luaotfload-main']
	[kpse lua searcher] file not found: 'luaotfload-main'
Error in luaotfload: reverting to OT1 L3 programming layer <2022-01-21>
Inserting `tracingstacklevels' at position 1 in `input_level_string'.

! LaTeX Error: Missing \begin{document}.

See the LaTeX manual or LaTeX Companion for explanation.
Type  H <return>  for immediate help.
 ...                                              
                                                  
l.1 L
   orem ipsum dolor sit amet, consectetur adipiscing elit. Nunc aliquam ultr...
? 
! Interruption.
\GenericError  ...                                
                                                  \endgroup 
l.1 L
   orem ipsum dolor sit amet, consectetur adipiscing elit. Nunc aliquam ultr...
? X


Here is how much of LuaTeX's memory you used:
 19 strings out of 477805
 100000,383344 words of node,token memory allocated 299 words of node memory still in use:
   2 hlist, 1 local_par, 1 dir, 1 glue, 39 glue_spec, 1 temp nodes
   avail lists: 2:11,3:3,4:1,5:1,7:1
 20835 multiletter control sequences out of 65536+600000
 14 fonts using 591679 bytes
 13i,0n,12p,599b,15s stack positions out of 5000i,500n,10000p,200000b,80000s

warning  (pdf backend): no pages of output.

PDF statistics: 0 PDF objects out of 1000 (max. 8388607)
 0 named destinations out of 1000 (max. 131072)
 1 words of extra memory for PDF output out of 10000 (max. 100000000)

